#
# An unexpected error has been detected by Java Runtime Environment:
#
#  EXCEPTION_ACCESS_VIOLATION (0xc0000005) at pc=0x795f72d7, pid=352, tid=2332
#
# Java VM: Java HotSpot(TM) Client VM (1.6.0-b105 mixed mode)
# Problematic frame:
# C  [m_dispatcher.dll+0x172d7]
#
# If you would like to submit a bug report, please visit:
#   http://java.sun.com/webapps/bugreport/crash.jsp
#

---------------  T H R E A D  ---------------

Current thread (0x055ce000):  JavaThread "main" [_thread_in_native, id=2332]

siginfo: ExceptionCode=0xc0000005, reading address 0x00000000

Registers:
EAX=0x181dcbd0, EBX=0x1824e2e0, ECX=0x795f72d0, EDX=0x00000000
ESP=0x00d2e5ac, EBP=0x00d2e5b0, ESI=0x00000000, EDI=0x181dcbd0
EIP=0x795f72d7, EFLAGS=0x00010202

Top of Stack: (sp=0x00d2e5ac)
0x00d2e5ac:   00000000 00d2e5bc 7ad7d43b 00000000
0x00d2e5bc:   00d2e5d0 7ad62dc9 181dcbd0 00000010
0x00d2e5cc:   18cb6de0 00d2e5e4 7ad62ecc 18cb6de0
0x00d2e5dc:   7acdb5f0 18cb6de0 00d2e5f4 7ad630e6
0x00d2e5ec:   18cb6de0 1824e2e0 00d2e61c 7b14bbaa
0x00d2e5fc:   18cb6de0 00000000 18243c60 1bef5b20
0x00d2e60c:   1824e2e0 1824e2e0 7b14be3b 1824e2e0
0x00d2e61c:   00d2e62c 7b14c091 00000000 1b44d960 

Instructions: (pc=0x795f72d7)
0x795f72c7:   cc cc cc cc cc cc cc cc cc 55 8b ec 56 8b 75 08
0x795f72d7:   8b 06 8b 50 4c 8b ce ff d2 83 46 04 ff 75 09 8b 


Stack: [0x00540000,0x00d40000),  sp=0x00d2e5ac,  free space=8121k
Native frames: (J=compiled Java code, j=interpreted, Vv=VM code, C=native code)
C  [m_dispatcher.dll+0x172d7]
C  [libmx.dll+0x1d43b]
C  [libmx.dll+0x2dc9]
C  [libmx.dll+0x2ecc]
C  [libmx.dll+0x30e6]
C  [libmwgui.dll+0x2bbaa]
C  [libmwgui.dll+0x2c091]
C  [hg.dll+0xbe8c4]
C  [hg.dll+0xbfbcd]
C  [hg.dll+0x39b6b]
C  [libmwgui.dll+0x52093]
C  [libuij.dll+0x96d2]
C  [libuij.dll+0x1a774]
C  [udd.dll+0x33d39]
C  [udd.dll+0x34266]
C  [udd.dll+0x2d9af]
C  [udd.dll+0x2e6fb]
C  [udd_mi.dll+0x72b2]
C  [uiw.dll+0x325a9]
C  [uiw.dll+0x32b6f]
C  [USER32.dll+0x36e6e]
C  [USER32.dll+0x131eb]
C  [USER32.dll+0x14260]
C  [ntdll.dll+0x4642e]
C  [uiw.dll+0x18314]
C  [uiw.dll+0x1836f]
C  [uiw.dll+0x328e4]
C  [uiw.dll+0x329ce]
C  [jmi.dll+0x20f5a]
j  com.mathworks.jmi.NativeMatlab.processPendingEvents()Z+8
j  com.mathworks.jmi.Matlab$ProcessPendingEvents.callBooleanMethod(Ljava/lang/Object;)Z+0
j  com.mathworks.util.FactoryUtils.processPendingEvents()Z+12
j  com.mathworks.mde.desk.MLDesktop.canClose()Z+84
v  ~StubRoutines::call_stub

Java frames: (J=compiled Java code, j=interpreted, Vv=VM code)
j  com.mathworks.jmi.NativeMatlab.ProcessPendingEvents()Z+0
j  com.mathworks.jmi.NativeMatlab.processPendingEvents()Z+8
j  com.mathworks.jmi.Matlab$ProcessPendingEvents.callBooleanMethod(Ljava/lang/Object;)Z+0
j  com.mathworks.util.FactoryUtils.processPendingEvents()Z+12
j  com.mathworks.mde.desk.MLDesktop.canClose()Z+84
v  ~StubRoutines::call_stub
j  sun.reflect.NativeMethodAccessorImpl.invoke0(Ljava/lang/reflect/Method;Ljava/lang/Object;[Ljava/lang/Object;)Ljava/lang/Object;+0
j  sun.reflect.NativeMethodAccessorImpl.invoke(Ljava/lang/Object;[Ljava/lang/Object;)Ljava/lang/Object;+87
J  sun.reflect.DelegatingMethodAccessorImpl.invoke(Ljava/lang/Object;[Ljava/lang/Object;)Ljava/lang/Object;
J  java.lang.reflect.Method.invoke(Ljava/lang/Object;[Ljava/lang/Object;)Ljava/lang/Object;
j  com.mathworks.jmi.Matlab.isOkToExit()Z+69
v  ~StubRoutines::call_stub
j  com.mathworks.jmi.NativeMatlab.SendMatlabMessage(Ljava/lang/Object;)Ljava/lang/Object;+0
j  com.mathworks.jmi.NativeMatlab.sendMatlabMessage(Ljava/lang/Object;)Ljava/lang/Object;+22
j  com.mathworks.jmi.MatlabLooper.sendMatlabMessage(Lcom/mathworks/services/message/MWMessage;)Ljava/lang/Object;+20
j  com.mathworks.jmi.Matlab.mtFevalConsoleOutput(Ljava/lang/String;[Ljava/lang/Object;I)Ljava/lang/Object;+58
j  com.mathworks.mde.desk.MLDesktop$5.run()V+14
j  com.mathworks.jmi.NativeMatlab.dispatchMTRequests(Z)V+50
v  ~StubRoutines::call_stub

---------------  P R O C E S S  ---------------

Java Threads: ( => current thread )
  0x15e44800 JavaThread "Image Fetcher 0" daemon [_thread_blocked, id=1200]
  0x15e44400 JavaThread "Prefs Updater" [_thread_blocked, id=3844]
  0x15e43800 JavaThread "Active Reference Queue Daemon" daemon [_thread_blocked, id=3076]
  0x15e43000 JavaThread "Timer-4" daemon [_thread_blocked, id=1400]
  0x15d6ac00 JavaThread "Timer-2" daemon [_thread_blocked, id=3756]
  0x15d2b800 JavaThread "Timer-1" [_thread_blocked, id=1832]
  0x15bcc800 JavaThread "TimerQueue" daemon [_thread_blocked, id=644]
  0x15998000 JavaThread "AWT-EventQueue-0" [_thread_blocked, id=3572]
  0x15968000 JavaThread "AWT-Windows" daemon [_thread_in_native, id=1708]
  0x15967800 JavaThread "AWT-Shutdown" [_thread_blocked, id=3728]
  0x15967400 JavaThread "Java2D Disposer" daemon [_thread_blocked, id=2096]
  0x15293c00 JavaThread "Timer-0" [_thread_blocked, id=2468]
  0x0569c800 JavaThread "Low Memory Detector" daemon [_thread_blocked, id=2744]
  0x0568a800 JavaThread "CompilerThread0" daemon [_thread_blocked, id=2872]
  0x0568a000 JavaThread "Attach Listener" daemon [_thread_blocked, id=2800]
  0x05675000 JavaThread "Finalizer" daemon [_thread_blocked, id=1848]
  0x0566b400 JavaThread "Reference Handler" daemon [_thread_blocked, id=2728]
=>0x055ce000 JavaThread "main" [_thread_in_native, id=2332]

Other Threads:
  0x05668400 VMThread [id=1640]
  0x056a5c00 WatcherThread [id=2684]

VM state:not at safepoint (normal execution)

VM Mutex/Monitor currently owned by a thread: None

Heap
 def new generation   total 26496K, used 7672K [0x07750000, 0x09400000, 0x09750000)
  eden space 23616K,  22% used [0x07750000, 0x07c8e968, 0x08e60000)
  from space 2880K,  79% used [0x08e60000, 0x0909f710, 0x09130000)
  to   space 2880K,   0% used [0x09130000, 0x09130000, 0x09400000)
 tenured generation   total 87956K, used 61960K [0x09750000, 0x0ed35000, 0x0f750000)
   the space 87956K,  70% used [0x09750000, 0x0d3d2038, 0x0d3d2200, 0x0ed35000)
 compacting perm gen  total 32768K, used 28478K [0x0f750000, 0x11750000, 0x13750000)
   the space 32768K,  86% used [0x0f750000, 0x1131f8d8, 0x1131fa00, 0x11750000)
No shared spaces configured.

Dynamic libraries:
0x00400000 - 0x00536000 	C:\Program Files\MATLAB\R2008a\bin\win32\matlab.exe
0x77a90000 - 0x77bcc000 	C:\Windows\SYSTEM32\ntdll.dll
0x77510000 - 0x775e4000 	C:\Windows\system32\kernel32.dll
0x75e10000 - 0x75e5a000 	C:\Windows\system32\KERNELBASE.dll
0x7ac90000 - 0x7ad5b000 	C:\Program Files\MATLAB\R2008a\bin\win32\libut.dll
0x76510000 - 0x7653a000 	C:\Windows\system32\imagehlp.dll
0x75fd0000 - 0x7607c000 	C:\Windows\system32\msvcrt.dll
0x77c30000 - 0x77c35000 	C:\Windows\system32\PSAPI.DLL
0x7b4d0000 - 0x7b4ef000 	C:\Program Files\MATLAB\R2008a\bin\win32\LIBEXPAT.dll
0x6e370000 - 0x6e40b000 	C:\Windows\WinSxS\x86_microsoft.vc80.crt_1fc8b3b9a1e18e3b_8.0.50727.4927_none_d08a205e442db5b5\MSVCR80.dll
0x7b040000 - 0x7b117000 	C:\Program Files\MATLAB\R2008a\bin\win32\icuuc36.dll
0x76470000 - 0x76510000 	C:\Windows\system32\ADVAPI32.dll
0x77ca0000 - 0x77cb9000 	C:\Windows\SYSTEM32\sechost.dll
0x75f20000 - 0x75fc1000 	C:\Windows\system32\RPCRT4.dll
0x7a820000 - 0x7a824000 	C:\Program Files\MATLAB\R2008a\bin\win32\icudt36.dll
0x7a830000 - 0x7a83c000 	C:\Program Files\MATLAB\R2008a\bin\win32\icuio36.dll
0x7aaf0000 - 0x7abb2000 	C:\Program Files\MATLAB\R2008a\bin\win32\icuin36.dll
0x6e850000 - 0x6e8d7000 	C:\Windows\WinSxS\x86_microsoft.vc80.crt_1fc8b3b9a1e18e3b_8.0.50727.4927_none_d08a205e442db5b5\MSVCP80.dll
0x777d0000 - 0x77899000 	C:\Windows\system32\USER32.dll
0x76120000 - 0x7616e000 	C:\Windows\system32\GDI32.dll
0x77190000 - 0x7719a000 	C:\Windows\system32\LPK.dll
0x76080000 - 0x7611d000 	C:\Windows\system32\USP10.dll
0x7adc0000 - 0x7af93000 	C:\Program Files\MATLAB\R2008a\bin\win32\libmwservices.dll
0x7ad60000 - 0x7adb2000 	C:\Program Files\MATLAB\R2008a\bin\win32\libmx.dll
0x78680000 - 0x78692000 	C:\Program Files\MATLAB\R2008a\bin\win32\zlib1.dll
0x7afa0000 - 0x7b036000 	C:\Program Files\MATLAB\R2008a\bin\win32\libmwmathutil.dll
0x791b0000 - 0x791e3000 	C:\Program Files\MATLAB\R2008a\bin\win32\mpath.dll
0x7b500000 - 0x7b515000 	C:\Program Files\MATLAB\R2008a\bin\win32\mlutil.dll
0x75e90000 - 0x75f14000 	C:\Windows\WinSxS\x86_microsoft.windows.common-controls_6595b64144ccf1df_5.82.7600.16385_none_ebf82fc36c758ad5\COMCTL32.dll
0x77680000 - 0x776fb000 	C:\Windows\system32\comdlg32.dll
0x772d0000 - 0x77327000 	C:\Windows\system32\SHLWAPI.dll
0x76540000 - 0x77189000 	C:\Windows\system32\SHELL32.dll
0x73ed0000 - 0x73ee1000 	C:\Windows\system32\NETAPI32.dll
0x73ec0000 - 0x73ec9000 	C:\Windows\system32\netutils.dll
0x758b0000 - 0x758c9000 	C:\Windows\system32\srvcli.dll
0x73db0000 - 0x73dbf000 	C:\Windows\system32\wkscli.dll
0x77330000 - 0x77365000 	C:\Windows\system32\WS2_32.dll
0x77c40000 - 0x77c46000 	C:\Windows\system32\NSI.dll
0x79710000 - 0x79746000 	C:\Program Files\MATLAB\R2008a\bin\win32\mcr.dll
0x7a840000 - 0x7a857000 	C:\Program Files\MATLAB\R2008a\bin\win32\iqm.dll
0x78550000 - 0x7856a000 	C:\Program Files\MATLAB\R2008a\bin\win32\bridge.dll
0x7a870000 - 0x7a87e000 	C:\Program Files\MATLAB\R2008a\bin\win32\libmex.dll
0x795e0000 - 0x79638000 	C:\Program Files\MATLAB\R2008a\bin\win32\m_dispatcher.dll
0x78570000 - 0x7858c000 	C:\Program Files\MATLAB\R2008a\bin\win32\datasvcs.dll
0x78a30000 - 0x78bf2000 	C:\Program Files\MATLAB\R2008a\bin\win32\xerces-c_2_7.dll
0x79c90000 - 0x7a1a0000 	C:\Program Files\MATLAB\R2008a\bin\win32\m_interpreter.dll
0x78590000 - 0x785b1000 	C:\Program Files\MATLAB\R2008a\bin\win32\libmat.dll
0x7abc0000 - 0x7ac85000 	C:\Program Files\MATLAB\R2008a\bin\win32\libhdf5.dll
0x794f0000 - 0x79539000 	C:\Program Files\MATLAB\R2008a\bin\win32\profiler.dll
0x7a8d0000 - 0x7a8d9000 	C:\Program Files\MATLAB\R2008a\bin\win32\libmwmathrng.dll
0x78600000 - 0x78612000 	C:\Program Files\MATLAB\R2008a\bin\win32\m_pcodeio.dll
0x79170000 - 0x791a4000 	C:\Program Files\MATLAB\R2008a\bin\win32\m_ir.dll
0x797c0000 - 0x79c8b000 	C:\Program Files\MATLAB\R2008a\bin\win32\m_parser.dll
0x7a860000 - 0x7a86d000 	C:\Program Files\MATLAB\R2008a\bin\win32\ir_xfmr.dll
0x782e0000 - 0x78411000 	C:\Program Files\MATLAB\R2008a\bin\win32\mcos.dll
0x7a900000 - 0x7a90a000 	C:\Program Files\MATLAB\R2008a\bin\win32\mtok.dll
0x785e0000 - 0x785f6000 	C:\Program Files\MATLAB\R2008a\bin\win32\m_pcodegen.dll
0x7a810000 - 0x7a81d000 	C:\Program Files\MATLAB\R2008a\bin\win32\boost_thread-vc80-mt-1_34_1.dll
0x7a6e0000 - 0x7a764000 	C:\Program Files\MATLAB\R2008a\bin\win32\udd.dll
0x7b120000 - 0x7b20d000 	C:\Program Files\MATLAB\R2008a\bin\win32\libmwgui.dll
0x786e0000 - 0x78860000 	C:\Program Files\MATLAB\R2008a\bin\win32\hg.dll
0x790b0000 - 0x790ea000 	C:\Program Files\MATLAB\R2008a\bin\win32\jmi.dll
0x78dd0000 - 0x78dfa000 	C:\Program Files\MATLAB\R2008a\bin\win32\libmwhardcopy.dll
0x79130000 - 0x79169000 	C:\Program Files\MATLAB\R2008a\bin\win32\libuij.dll
0x78860000 - 0x78a22000 	C:\Program Files\MATLAB\R2008a\bin\win32\numerics.dll
0x7a8a0000 - 0x7a8aa000 	C:\Program Files\MATLAB\R2008a\bin\win32\libmwblas.dll
0x7a890000 - 0x7a89c000 	C:\Program Files\MATLAB\R2008a\bin\win32\libmwbinder.dll
0x785c0000 - 0x785df000 	C:\Program Files\MATLAB\R2008a\bin\win32\libmwlapack.dll
0x7b4f0000 - 0x7b4f8000 	C:\Program Files\MATLAB\R2008a\bin\win32\libmwfftw.dll
0x7b520000 - 0x7b54a000 	C:\Program Files\MATLAB\R2008a\bin\win32\libmwrookfastbp.dll
0x78e00000 - 0x78e27000 	C:\Program Files\MATLAB\R2008a\bin\win32\libmwma57.dll
0x7aa40000 - 0x7aaeb000 	C:\Program Files\MATLAB\R2008a\bin\win32\libifcoremd.dll
0x791f0000 - 0x7949f000 	C:\Program Files\MATLAB\R2008a\bin\win32\libmmd.dll
0x7a8c0000 - 0x7a8c8000 	C:\Program Files\MATLAB\R2008a\bin\win32\libmwcsparse.dll
0x796a0000 - 0x79707000 	C:\Program Files\MATLAB\R2008a\bin\win32\libmwumfpack.dll
0x7a880000 - 0x7a888000 	C:\Program Files\MATLAB\R2008a\bin\win32\libmwamd.dll
0x79540000 - 0x79593000 	C:\Program Files\MATLAB\R2008a\bin\win32\libmwcholmod.dll
0x7a8b0000 - 0x7a8b8000 	C:\Program Files\MATLAB\R2008a\bin\win32\libmwcolamd.dll
0x7a770000 - 0x7a804000 	C:\Program Files\MATLAB\R2008a\bin\win32\uiw.dll
0x7a940000 - 0x7a949000 	C:\Program Files\MATLAB\R2008a\bin\win32\uinone.dll
0x6e740000 - 0x6e84f000 	C:\Windows\WinSxS\x86_microsoft.vc80.mfc_1fc8b3b9a1e18e3b_8.0.50727.762_none_0c178a139ee2a7ed\MFC80.DLL
0x75150000 - 0x751a1000 	C:\Windows\system32\WINSPOOL.DRV
0x77930000 - 0x77a8c000 	C:\Windows\system32\ole32.dll
0x775f0000 - 0x7767f000 	C:\Windows\system32\OLEAUT32.dll
0x79750000 - 0x797b2000 	C:\Program Files\MATLAB\R2008a\bin\win32\udd_mi.dll
0x78620000 - 0x78632000 	C:\Program Files\MATLAB\R2008a\bin\win32\mwoles05.DLL
0x794a0000 - 0x794e3000 	C:\Program Files\MATLAB\R2008a\bin\win32\comcli.dll
0x6eee0000 - 0x6eefb000 	C:\Windows\WinSxS\x86_microsoft.vc80.atl_1fc8b3b9a1e18e3b_8.0.50727.762_none_11ecb0ab9b2caf3c\ATL80.DLL
0x7a8f0000 - 0x7a8fb000 	C:\Program Files\MATLAB\R2008a\bin\win32\mlautoregister.dll
0x76450000 - 0x7646f000 	C:\Windows\system32\IMM32.DLL
0x77700000 - 0x777cc000 	C:\Windows\system32\MSCTF.dll
0x7b7f0000 - 0x7c0b2000 	C:\Program Files\MATLAB\R2008a\bin\win32\mkl.dll
0x790f0000 - 0x7912e000 	C:\Program Files\MATLAB\R2008a\bin\win32\libguide40.dll
0x7b210000 - 0x7b216000 	C:\Program Files\MATLAB\R2008a\bin\win32\mklcompat.dll
0x7a1a0000 - 0x7a650000 	C:\Program Files\MATLAB\R2008a\bin\win32\mllapack.dll
0x7b700000 - 0x7b7e4000 	C:\Program Files\MATLAB\R2008a\bin\win32\libfftw3i.dll
0x7a950000 - 0x7aa3f000 	C:\Program Files\MATLAB\R2008a\bin\win32\libfftw3f.dll
0x74b60000 - 0x74b6a000 	C:\Windows\WinSxS\x86_microsoft.vc80.mfcloc_1fc8b3b9a1e18e3b_8.0.50727.762_none_43efccf17831d131\MFC80CHS.DLL
0x74480000 - 0x744c0000 	C:\Windows\system32\uxtheme.dll
0x75c20000 - 0x75c2b000 	C:\Windows\system32\profapi.dll
0x74130000 - 0x7414c000 	C:\Windows\system32\iphlpapi.dll
0x74120000 - 0x74127000 	C:\Windows\system32\WINNSI.DLL
0x75520000 - 0x75564000 	C:\Windows\system32\DNSAPI.dll
0x74020000 - 0x74032000 	C:\Windows\system32\dhcpcsvc.DLL
0x73fb0000 - 0x73fbd000 	C:\Windows\system32\dhcpcsvc6.DLL
0x70d60000 - 0x70d63000 	C:\Windows\system32\icmp.Dll
0x75b70000 - 0x75b7c000 	C:\Windows\system32\CRYPTBASE.dll
0x78e60000 - 0x790a7000 	C:\Program Files\MATLAB\R2008a\sys\java\jre\win32\jre1.6.0\bin\client\jvm.dll
0x73200000 - 0x73232000 	C:\Windows\system32\WINMM.dll
0x7c340000 - 0x7c396000 	C:\Program Files\MATLAB\R2008a\bin\win32\MSVCR71.dll
0x75b20000 - 0x75b6b000 	C:\Windows\system32\apphelp.dll
0x795a0000 - 0x795a8000 	C:\Program Files\MATLAB\R2008a\sys\java\jre\win32\jre1.6.0\bin\hpi.dll
0x795c0000 - 0x795cc000 	C:\Program Files\MATLAB\R2008a\sys\java\jre\win32\jre1.6.0\bin\verify.dll
0x786a0000 - 0x786bf000 	C:\Program Files\MATLAB\R2008a\sys\java\jre\win32\jre1.6.0\bin\java.dll
0x795d0000 - 0x795df000 	C:\Program Files\MATLAB\R2008a\sys\java\jre\win32\jre1.6.0\bin\zip.dll
0x78640000 - 0x78651000 	C:\Program Files\MATLAB\R2008a\bin\win32\nativejava.dll
0x78660000 - 0x78671000 	C:\Program Files\MATLAB\R2008a\bin\win32\nativejmi.dll
0x7a930000 - 0x7a936000 	C:\Program Files\MATLAB\R2008a\bin\win32\nativeservices.dll
0x78c00000 - 0x78dc3000 	C:\Program Files\MATLAB\R2008a\sys\java\jre\win32\jre1.6.0\bin\awt.dll
0x75200000 - 0x75213000 	C:\Windows\system32\dwmapi.dll
0x79640000 - 0x79693000 	C:\Program Files\MATLAB\R2008a\sys\java\jre\win32\jre1.6.0\bin\fontmanager.dll
0x786c0000 - 0x786d3000 	C:\Program Files\MATLAB\R2008a\sys\java\jre\win32\jre1.6.0\bin\net.dll
0x75660000 - 0x7569c000 	C:\Windows\system32\mswsock.dll
0x75650000 - 0x75656000 	C:\Windows\System32\wship6.dll
0x795b0000 - 0x795b9000 	C:\Program Files\MATLAB\R2008a\sys\java\jre\win32\jre1.6.0\bin\nio.dll
0x7b550000 - 0x7b556000 	C:\Program Files\MATLAB\R2008a\bin\win32\nativelmgr.dll
0x7b560000 - 0x7b6fd000 	C:\Program Files\MATLAB\R2008a\bin\win32\instutil.dll
0x74b80000 - 0x74b90000 	C:\Windows\system32\NLAapi.dll

VM Arguments:
jvm_args: -Xss512k -XX:PermSize=32M -Xms64m -XX:NewRatio=3 -XX:MaxPermSize=64M -Xmx128m -XX:MaxDirectMemorySize=1200000000 -Dsun.java2d.noddraw=true -Dsun.awt.nopixfmt=true -Xshare:off -Xrs -Djava.library.path=C:\Program Files\MATLAB\R2008a\bin\win32 vfprintf abort
java_command: <unknown>
Launcher Type: generic

Environment Variables:
PATH=C:\Program Files\MATLAB\R2008a\toolbox\symbolic\jre\bin\client;C:\Program Files\MATLAB\R2008a\toolbox\symbolic\bin.win\GENERIC;C:\Program Files\MATLAB\R2008a\toolbox\symbolic\bin.win;C:\Program Files\NVIDIA Corporation\PhysX\Common;C:\Windows\system32;C:\Windows;C:\Windows\System32\Wbem;C:\Windows\System32\WindowsPowerShell\v1.0\;C:\Program Files\MATLAB\R2008a\bin;C:\Program Files\MATLAB\R2008a\bin\win32
USERNAME=HP
OS=Windows_NT
PROCESSOR_IDENTIFIER=x86 Family 6 Model 58 Stepping 9, GenuineIntel



---------------  S Y S T E M  ---------------

OS: Windows NT 6.1 Build 7600 

CPU:total 4 family 6, cmov, cx8, fxsr, mmx, sse, sse2

Memory: 4k page, physical 3557088k(2627840k free), swap 4194303k(4194303k free)

vm_info: Java HotSpot(TM) Client VM (1.6.0-b105) for windows-x86, built on Nov 29 2006 00:48:48 by "java_re" with unknown MS VC++:1310

